Performing C SOURCE FILE Test CMAKE_HAVE_LIBC_PTHREAD failed with the following output:
Change Dir: /home/maoyachen/Code/gr-myc/build/CMakeFiles/CMakeScratch/TryCompile-k2mle9

Run Build Command(s):/usr/bin/gmake -f Makefile cmTC_f76ed/fast && /usr/bin/gmake  -f CMakeFiles/cmTC_f76ed.dir/build.make CMakeFiles/cmTC_f76ed.dir/build
gmake[1]: Entering directory '/home/maoyachen/Code/gr-myc/build/CMakeFiles/CMakeScratch/TryCompile-k2mle9'
Building C object CMakeFiles/cmTC_f76ed.dir/src.c.o
/home/maoyachen/.miniconda3/envs/comm/bin/x86_64-conda-linux-gnu-cc -DCMAKE_HAVE_LIBC_PTHREAD  -march=nocona -mtune=haswell -ftree-vectorize -fPIC -fstack-protector-strong -fno-plt -O2 -ffunction-sections -pipe -isystem /home/maoyachen/.miniconda3/envs/comm/include  -o CMakeFiles/cmTC_f76ed.dir/src.c.o -c /home/maoyachen/Code/gr-myc/build/CMakeFiles/CMakeScratch/TryCompile-k2mle9/src.c
Linking C executable cmTC_f76ed
/home/maoyachen/.miniconda3/envs/comm/bin/cmake -E cmake_link_script CMakeFiles/cmTC_f76ed.dir/link.txt --verbose=1
/home/maoyachen/.miniconda3/envs/comm/bin/x86_64-conda-linux-gnu-cc -march=nocona -mtune=haswell -ftree-vectorize -fPIC -fstack-protector-strong -fno-plt -O2 -ffunction-sections -pipe -isystem /home/maoyachen/.miniconda3/envs/comm/include  -Wl,-O2 -Wl,--sort-common -Wl,--as-needed -Wl,-z,relro -Wl,-z,now -Wl,--disable-new-dtags -Wl,--gc-sections -Wl,--allow-shlib-undefined -Wl,-rpath,/home/maoyachen/.miniconda3/envs/comm/lib -Wl,-rpath-link,/home/maoyachen/.miniconda3/envs/comm/lib -L/home/maoyachen/.miniconda3/envs/comm/lib  CMakeFiles/cmTC_f76ed.dir/src.c.o -o cmTC_f76ed 
/home/maoyachen/.miniconda3/envs/comm/bin/../lib/gcc/x86_64-conda-linux-gnu/10.4.0/../../../../x86_64-conda-linux-gnu/bin/ld: CMakeFiles/cmTC_f76ed.dir/src.c.o: in function `main':
src.c:(.text.startup.main+0x24): undefined reference to `pthread_create'
/home/maoyachen/.miniconda3/envs/comm/bin/../lib/gcc/x86_64-conda-linux-gnu/10.4.0/../../../../x86_64-conda-linux-gnu/bin/ld: src.c:(.text.startup.main+0x2e): undefined reference to `pthread_detach'
/home/maoyachen/.miniconda3/envs/comm/bin/../lib/gcc/x86_64-conda-linux-gnu/10.4.0/../../../../x86_64-conda-linux-gnu/bin/ld: src.c:(.text.startup.main+0x38): undefined reference to `pthread_cancel'
/home/maoyachen/.miniconda3/envs/comm/bin/../lib/gcc/x86_64-conda-linux-gnu/10.4.0/../../../../x86_64-conda-linux-gnu/bin/ld: src.c:(.text.startup.main+0x44): undefined reference to `pthread_join'
/home/maoyachen/.miniconda3/envs/comm/bin/../lib/gcc/x86_64-conda-linux-gnu/10.4.0/../../../../x86_64-conda-linux-gnu/bin/ld: src.c:(.text.startup.main+0x50): undefined reference to `pthread_atfork'
collect2: error: ld returned 1 exit status
gmake[1]: *** [CMakeFiles/cmTC_f76ed.dir/build.make:99: cmTC_f76ed] Error 1
gmake[1]: Leaving directory '/home/maoyachen/Code/gr-myc/build/CMakeFiles/CMakeScratch/TryCompile-k2mle9'
gmake: *** [Makefile:127: cmTC_f76ed/fast] Error 2


Source file was:
#include <pthread.h>

static void* test_func(void* data)
{
  return data;
}

int main(void)
{
  pthread_t thread;
  pthread_create(&thread, NULL, test_func, NULL);
  pthread_detach(thread);
  pthread_cancel(thread);
  pthread_join(thread, NULL);
  pthread_atfork(NULL, NULL, NULL);
  pthread_exit(NULL);

  return 0;
}


Determining if the function pthread_create exists in the pthreads failed with the following output:
Change Dir: /home/maoyachen/Code/gr-myc/build/CMakeFiles/CMakeScratch/TryCompile-bnubGl

Run Build Command(s):/usr/bin/gmake -f Makefile cmTC_bdb20/fast && /usr/bin/gmake  -f CMakeFiles/cmTC_bdb20.dir/build.make CMakeFiles/cmTC_bdb20.dir/build
gmake[1]: Entering directory '/home/maoyachen/Code/gr-myc/build/CMakeFiles/CMakeScratch/TryCompile-bnubGl'
Building C object CMakeFiles/cmTC_bdb20.dir/CheckFunctionExists.c.o
/home/maoyachen/.miniconda3/envs/comm/bin/x86_64-conda-linux-gnu-cc   -march=nocona -mtune=haswell -ftree-vectorize -fPIC -fstack-protector-strong -fno-plt -O2 -ffunction-sections -pipe -isystem /home/maoyachen/.miniconda3/envs/comm/include -DCHECK_FUNCTION_EXISTS=pthread_create -o CMakeFiles/cmTC_bdb20.dir/CheckFunctionExists.c.o -c /home/maoyachen/Code/gr-myc/build/CMakeFiles/CMakeScratch/TryCompile-bnubGl/CheckFunctionExists.c
Linking C executable cmTC_bdb20
/home/maoyachen/.miniconda3/envs/comm/bin/cmake -E cmake_link_script CMakeFiles/cmTC_bdb20.dir/link.txt --verbose=1
/home/maoyachen/.miniconda3/envs/comm/bin/x86_64-conda-linux-gnu-cc -march=nocona -mtune=haswell -ftree-vectorize -fPIC -fstack-protector-strong -fno-plt -O2 -ffunction-sections -pipe -isystem /home/maoyachen/.miniconda3/envs/comm/include -DCHECK_FUNCTION_EXISTS=pthread_create -Wl,-O2 -Wl,--sort-common -Wl,--as-needed -Wl,-z,relro -Wl,-z,now -Wl,--disable-new-dtags -Wl,--gc-sections -Wl,--allow-shlib-undefined -Wl,-rpath,/home/maoyachen/.miniconda3/envs/comm/lib -Wl,-rpath-link,/home/maoyachen/.miniconda3/envs/comm/lib -L/home/maoyachen/.miniconda3/envs/comm/lib  CMakeFiles/cmTC_bdb20.dir/CheckFunctionExists.c.o -o cmTC_bdb20  -lpthreads 
/home/maoyachen/.miniconda3/envs/comm/bin/../lib/gcc/x86_64-conda-linux-gnu/10.4.0/../../../../x86_64-conda-linux-gnu/bin/ld: cannot find -lpthreads: No such file or directory
collect2: error: ld returned 1 exit status
gmake[1]: *** [CMakeFiles/cmTC_bdb20.dir/build.make:99: cmTC_bdb20] Error 1
gmake[1]: Leaving directory '/home/maoyachen/Code/gr-myc/build/CMakeFiles/CMakeScratch/TryCompile-bnubGl'
gmake: *** [Makefile:127: cmTC_bdb20/fast] Error 2



